<?xml version="1.0" encoding="UTF-8"?>
<robot generator="Robot 4.0.2 (Python 3.7.10 on linux)" generated="20220409 20:17:21.129" rpa="false" schemaversion="2">
<suite id="s1" name="Yahoomail Automation" source="/home/dharikhan/Desktop/Automation/Automation_Projects/yahoomail_automation.robot">
<test id="s1-t1" name="Testcase1 for login">
<kw name="Login yahoo mail" library="Keywords">
<kw name="Open Browser" library="Selenium2Library">
<arg>${url}</arg>
<arg>${browser}</arg>
<doc>Opens a new browser instance to the optional ``url``.</doc>
<msg timestamp="20220409 20:17:21.921" level="INFO">Opening browser 'chrome' to base url 'https://login.yahoo.com/'.</msg>
<status status="PASS" starttime="20220409 20:17:21.919" endtime="20220409 20:17:31.884"/>
</kw>
<kw name="Sleep" library="BuiltIn">
<arg>2</arg>
<doc>Pauses the test executed for the given time.</doc>
<msg timestamp="20220409 20:17:33.900" level="INFO">Slept 2 seconds</msg>
<status status="PASS" starttime="20220409 20:17:31.886" endtime="20220409 20:17:33.901"/>
</kw>
<kw name="Maximize Browser Window" library="Selenium2Library">
<doc>Maximizes current browser window.</doc>
<status status="PASS" starttime="20220409 20:17:33.901" endtime="20220409 20:17:34.041"/>
</kw>
<kw name="Input Text" library="Selenium2Library">
<arg>//*[@id="login-username"]</arg>
<arg>${username}</arg>
<doc>Types the given ``text`` into the text field identified by ``locator``.</doc>
<msg timestamp="20220409 20:17:34.047" level="INFO">Typing text 'priya12330@yahoo.com' into text field '//*[@id="login-username"]'.</msg>
<status status="PASS" starttime="20220409 20:17:34.042" endtime="20220409 20:17:34.574"/>
</kw>
<kw name="Click Element" library="Selenium2Library">
<arg>//*[@id="login-signin"]</arg>
<doc>Click the element identified by ``locator``.</doc>
<msg timestamp="20220409 20:17:34.576" level="INFO">Clicking element '//*[@id="login-signin"]'.</msg>
<status status="PASS" starttime="20220409 20:17:34.575" endtime="20220409 20:17:34.805"/>
</kw>
<kw name="Sleep" library="BuiltIn">
<arg>5</arg>
<doc>Pauses the test executed for the given time.</doc>
<msg timestamp="20220409 20:17:39.807" level="INFO">Slept 5 seconds</msg>
<status status="PASS" starttime="20220409 20:17:34.805" endtime="20220409 20:17:39.808"/>
</kw>
<kw name="Input Text" library="Selenium2Library">
<arg>//*[@id="login-passwd"]</arg>
<arg>${password}</arg>
<doc>Types the given ``text`` into the text field identified by ``locator``.</doc>
<msg timestamp="20220409 20:17:39.811" level="INFO">Typing text 'indus@1988' into text field '//*[@id="login-passwd"]'.</msg>
<status status="PASS" starttime="20220409 20:17:39.809" endtime="20220409 20:17:40.167"/>
</kw>
<kw name="Click Element" library="Selenium2Library">
<arg>//*[@id="login-signin"]</arg>
<doc>Click the element identified by ``locator``.</doc>
<msg timestamp="20220409 20:17:40.170" level="INFO">Clicking element '//*[@id="login-signin"]'.</msg>
<status status="PASS" starttime="20220409 20:17:40.168" endtime="20220409 20:17:44.651"/>
</kw>
<status status="PASS" starttime="20220409 20:17:21.917" endtime="20220409 20:17:44.653"/>
</kw>
<status status="PASS" starttime="20220409 20:17:21.914" endtime="20220409 20:17:44.655"/>
</test>
<test id="s1-t2" name="Tc2 send mail">
<kw name="Compose mail" library="Keywords">
<kw name="Click Element" library="Selenium2Library">
<arg>//*[@id="ymail"]</arg>
<doc>Click the element identified by ``locator``.</doc>
<msg timestamp="20220409 20:17:44.667" level="INFO">Clicking element '//*[@id="ymail"]'.</msg>
<status status="PASS" starttime="20220409 20:17:44.665" endtime="20220409 20:17:53.633"/>
</kw>
<kw name="Click Element" library="Selenium2Library">
<arg>//tbody/tr[1]/td/a[contains(text(),"Compose")]</arg>
<doc>Click the element identified by ``locator``.</doc>
<msg timestamp="20220409 20:17:53.642" level="INFO">Clicking element '//tbody/tr[1]/td/a[contains(text(),"Compose")]'.</msg>
<status status="PASS" starttime="20220409 20:17:53.634" endtime="20220409 20:17:57.042"/>
</kw>
<kw name="Input Text" library="Selenium2Library">
<arg>//*[@id="to"]</arg>
<arg>${sender email address}</arg>
<doc>Types the given ``text`` into the text field identified by ``locator``.</doc>
<msg timestamp="20220409 20:17:57.044" level="INFO">Typing text 'dhari.nandakumar@gmail.com' into text field '//*[@id="to"]'.</msg>
<status status="PASS" starttime="20220409 20:17:57.042" endtime="20220409 20:17:57.439"/>
</kw>
<kw name="Input Text" library="Selenium2Library">
<arg>//*[@id="subject"]</arg>
<arg>${subject}</arg>
<doc>Types the given ``text`` into the text field identified by ``locator``.</doc>
<msg timestamp="20220409 20:17:57.442" level="INFO">Typing text 'Resume' into text field '//*[@id="subject"]'.</msg>
<status status="PASS" starttime="20220409 20:17:57.440" endtime="20220409 20:17:57.773"/>
</kw>
<kw name="Get File" library="OperatingSystem">
<var>${email body}</var>
<arg>${email_body_file}</arg>
<doc>Returns the contents of a specified file.</doc>
<msg timestamp="20220409 20:17:57.776" level="INFO" html="true">Getting file '&lt;a href="file:///home/dharikhan/Desktop/Automation/Automation_Projects/email_body.txt"&gt;/home/dharikhan/Desktop/Automation/Automation_Projects/email_body.txt&lt;/a&gt;'.</msg>
<msg timestamp="20220409 20:17:57.777" level="INFO">${email body} = HI Dharikhan,

 Please find the attached resume for your reference.

 Regards,
 Priya Harale
 </msg>
<status status="PASS" starttime="20220409 20:17:57.774" endtime="20220409 20:17:57.778"/>
</kw>
<kw name="Input Text" library="Selenium2Library">
<arg>//*[@id="editorPlainText"]</arg>
<arg>${email body}</arg>
<doc>Types the given ``text`` into the text field identified by ``locator``.</doc>
<msg timestamp="20220409 20:17:57.781" level="INFO">Typing text 'HI Dharikhan,

 Please find the attached resume for your reference.

 Regards,
 Priya Harale
 ' into text field '//*[@id="editorPlainText"]'.</msg>
<status status="PASS" starttime="20220409 20:17:57.779" endtime="20220409 20:17:58.563"/>
</kw>
<status status="PASS" starttime="20220409 20:17:44.663" endtime="20220409 20:17:58.564"/>
</kw>
<status status="PASS" starttime="20220409 20:17:44.659" endtime="20220409 20:17:58.565"/>
</test>
<test id="s1-t3" name="TC1_Check Ip is available or not">
<kw name="Get Ip name of Desktop" library="Keywords">
<kw name="Getip" library="network">
<var>${ip}</var>
<msg timestamp="20220409 20:17:58.575" level="INFO">127.0.1.1</msg>
<msg timestamp="20220409 20:17:58.576" level="INFO">${ip} = None</msg>
<status status="PASS" starttime="20220409 20:17:58.574" endtime="20220409 20:17:58.576"/>
</kw>
<kw name="Log" library="BuiltIn">
<arg>${ip}</arg>
<doc>Logs the given message with the given level.</doc>
<msg timestamp="20220409 20:17:58.579" level="INFO">None</msg>
<status status="PASS" starttime="20220409 20:17:58.578" endtime="20220409 20:17:58.580"/>
</kw>
<status status="PASS" starttime="20220409 20:17:58.572" endtime="20220409 20:17:58.581"/>
</kw>
<status status="PASS" starttime="20220409 20:17:58.569" endtime="20220409 20:17:58.582"/>
</test>
<test id="s1-t4" name="Tc3 attachfile">
<kw name="Attach file to yahoo mail" library="Keywords">
<kw name="Click Element" library="Selenium2Library">
<arg>//*[@title="Attach files to email"]</arg>
<doc>Click the element identified by ``locator``.</doc>
<msg timestamp="20220409 20:17:58.590" level="INFO">Clicking element '//*[@title="Attach files to email"]'.</msg>
<status status="PASS" starttime="20220409 20:17:58.589" endtime="20220409 20:18:04.113"/>
</kw>
<kw name="Choose File" library="Selenium2Library">
<arg>//*[@id="upload_file_1"]</arg>
<arg>/home/dharikhan/Desktop/Automation/Automation_Projects/Resource_files/${file attach}</arg>
<doc>Inputs the ``file_path`` into the file input field ``locator``.</doc>
<msg timestamp="20220409 20:18:04.117" level="INFO">Sending /home/dharikhan/Desktop/Automation/Automation_Projects/Resource_files/harale_madhu.docx to browser.</msg>
<status status="PASS" starttime="20220409 20:18:04.114" endtime="20220409 20:18:05.033"/>
</kw>
<kw name="Click Element" library="Selenium2Library">
<arg>//*[@id="uploadcomplete"]/div[6]/div/button</arg>
<doc>Click the element identified by ``locator``.</doc>
<msg timestamp="20220409 20:18:05.036" level="INFO">Clicking element '//*[@id="uploadcomplete"]/div[6]/div/button'.</msg>
<status status="PASS" starttime="20220409 20:18:05.033" endtime="20220409 20:18:05.292"/>
</kw>
<kw name="Sleep" library="BuiltIn">
<arg>5</arg>
<doc>Pauses the test executed for the given time.</doc>
<msg timestamp="20220409 20:18:10.295" level="INFO">Slept 5 seconds</msg>
<status status="PASS" starttime="20220409 20:18:05.293" endtime="20220409 20:18:10.295"/>
</kw>
<kw name="Click Element" library="Selenium2Library">
<arg>//tr[1]/td/div/div/button[1][contains(text(),"Send")]</arg>
<doc>Click the element identified by ``locator``.</doc>
<msg timestamp="20220409 20:18:10.297" level="INFO">Clicking element '//tr[1]/td/div/div/button[1][contains(text(),"Send")]'.</msg>
<status status="PASS" starttime="20220409 20:18:10.296" endtime="20220409 20:18:18.539"/>
</kw>
<kw name="Sleep" library="BuiltIn">
<arg>5</arg>
<doc>Pauses the test executed for the given time.</doc>
<msg timestamp="20220409 20:18:23.543" level="INFO">Slept 5 seconds</msg>
<status status="PASS" starttime="20220409 20:18:18.541" endtime="20220409 20:18:23.543"/>
</kw>
<kw name="Close Browser" library="Selenium2Library">
<doc>Closes the current browser.</doc>
<status status="PASS" starttime="20220409 20:18:23.545" endtime="20220409 20:18:23.746"/>
</kw>
<status status="PASS" starttime="20220409 20:17:58.587" endtime="20220409 20:18:23.747"/>
</kw>
<status status="PASS" starttime="20220409 20:17:58.584" endtime="20220409 20:18:23.750"/>
</test>
<status status="PASS" starttime="20220409 20:17:21.133" endtime="20220409 20:18:23.755"/>
</suite>
<statistics>
<total>
<stat pass="4" fail="0" skip="0">All Tests</stat>
</total>
<tag>
</tag>
<suite>
<stat pass="4" fail="0" skip="0" id="s1" name="Yahoomail Automation">Yahoomail Automation</stat>
</suite>
</statistics>
<errors>
</errors>
</robot>
