<?xml version="1.0" encoding="UTF-8"?>
<robot generator="Robot 4.0.2 (Python 3.7.10 on linux)" generated="20220410 10:47:35.999" rpa="false" schemaversion="2">
<suite id="s1" name="Yahoomail Automation" source="/home/dharikhan/Desktop/Automation/Automation_Projects/yahoomail_automation.robot">
<test id="s1-t1" name="Testcase1 for login">
<kw name="Login yahoo mail" library="Keywords">
<kw name="Open Browser" library="Selenium2Library">
<arg>${url}</arg>
<arg>${browser}</arg>
<doc>Opens a new browser instance to the optional ``url``.</doc>
<msg timestamp="20220410 10:47:38.187" level="INFO">Opening browser 'chrome' to base url 'https://login.yahoo.com/'.</msg>
<status status="PASS" starttime="20220410 10:47:38.186" endtime="20220410 10:47:49.044"/>
</kw>
<kw name="Sleep" library="BuiltIn">
<arg>2</arg>
<doc>Pauses the test executed for the given time.</doc>
<msg timestamp="20220410 10:47:51.047" level="INFO">Slept 2 seconds</msg>
<status status="PASS" starttime="20220410 10:47:49.045" endtime="20220410 10:47:51.048"/>
</kw>
<kw name="Maximize Browser Window" library="Selenium2Library">
<doc>Maximizes current browser window.</doc>
<status status="PASS" starttime="20220410 10:47:51.049" endtime="20220410 10:47:51.189"/>
</kw>
<kw name="Input Text" library="Selenium2Library">
<arg>//*[@id="login-username"]</arg>
<arg>${username}</arg>
<doc>Types the given ``text`` into the text field identified by ``locator``.</doc>
<msg timestamp="20220410 10:47:51.192" level="INFO">Typing text 'priya12330@yahoo.com' into text field '//*[@id="login-username"]'.</msg>
<status status="PASS" starttime="20220410 10:47:51.190" endtime="20220410 10:47:51.635"/>
</kw>
<kw name="Click Element" library="Selenium2Library">
<arg>//*[@id="login-signin"]</arg>
<doc>Click the element identified by ``locator``.</doc>
<msg timestamp="20220410 10:47:51.638" level="INFO">Clicking element '//*[@id="login-signin"]'.</msg>
<status status="PASS" starttime="20220410 10:47:51.636" endtime="20220410 10:47:51.841"/>
</kw>
<kw name="Sleep" library="BuiltIn">
<arg>5</arg>
<doc>Pauses the test executed for the given time.</doc>
<msg timestamp="20220410 10:47:56.843" level="INFO">Slept 5 seconds</msg>
<status status="PASS" starttime="20220410 10:47:51.842" endtime="20220410 10:47:56.844"/>
</kw>
<kw name="Input Text" library="Selenium2Library">
<arg>//*[@id="login-passwd"]</arg>
<arg>${password}</arg>
<doc>Types the given ``text`` into the text field identified by ``locator``.</doc>
<msg timestamp="20220410 10:47:56.847" level="INFO">Typing text 'indus@1988' into text field '//*[@id="login-passwd"]'.</msg>
<status status="PASS" starttime="20220410 10:47:56.845" endtime="20220410 10:47:57.250"/>
</kw>
<kw name="Click Element" library="Selenium2Library">
<arg>//*[@id="login-signin"]</arg>
<doc>Click the element identified by ``locator``.</doc>
<msg timestamp="20220410 10:47:57.252" level="INFO">Clicking element '//*[@id="login-signin"]'.</msg>
<status status="PASS" starttime="20220410 10:47:57.250" endtime="20220410 10:48:01.760"/>
</kw>
<status status="PASS" starttime="20220410 10:47:38.184" endtime="20220410 10:48:01.761"/>
</kw>
<status status="PASS" starttime="20220410 10:47:38.180" endtime="20220410 10:48:01.762"/>
</test>
<test id="s1-t2" name="Tc2 send mail">
<kw name="Compose mail" library="Keywords">
<kw name="Click Element" library="Selenium2Library">
<arg>//*[@id="ymail"]</arg>
<doc>Click the element identified by ``locator``.</doc>
<msg timestamp="20220410 10:48:01.772" level="INFO">Clicking element '//*[@id="ymail"]'.</msg>
<status status="PASS" starttime="20220410 10:48:01.770" endtime="20220410 10:48:10.828"/>
</kw>
<kw name="Click Element" library="Selenium2Library">
<arg>//tbody/tr[1]/td/a[contains(text(),"Compose")]</arg>
<doc>Click the element identified by ``locator``.</doc>
<msg timestamp="20220410 10:48:10.831" level="INFO">Clicking element '//tbody/tr[1]/td/a[contains(text(),"Compose")]'.</msg>
<status status="PASS" starttime="20220410 10:48:10.829" endtime="20220410 10:48:17.173"/>
</kw>
<kw name="Input Text" library="Selenium2Library">
<arg>//*[@id="to"]</arg>
<arg>${sender email address}</arg>
<doc>Types the given ``text`` into the text field identified by ``locator``.</doc>
<msg timestamp="20220410 10:48:17.176" level="INFO">Typing text 'dhari.nandakumar@gmail.com' into text field '//*[@id="to"]'.</msg>
<status status="PASS" starttime="20220410 10:48:17.174" endtime="20220410 10:48:17.630"/>
</kw>
<kw name="Input Text" library="Selenium2Library">
<arg>//*[@id="subject"]</arg>
<arg>${subject}</arg>
<doc>Types the given ``text`` into the text field identified by ``locator``.</doc>
<msg timestamp="20220410 10:48:17.633" level="INFO">Typing text 'Resume' into text field '//*[@id="subject"]'.</msg>
<status status="PASS" starttime="20220410 10:48:17.631" endtime="20220410 10:48:17.982"/>
</kw>
<kw name="Get File" library="OperatingSystem">
<var>${email body}</var>
<arg>${email_body_file}</arg>
<doc>Returns the contents of a specified file.</doc>
<msg timestamp="20220410 10:48:17.986" level="INFO" html="true">Getting file '&lt;a href="file:///home/dharikhan/Desktop/Automation/Automation_Projects/email_body.txt"&gt;/home/dharikhan/Desktop/Automation/Automation_Projects/email_body.txt&lt;/a&gt;'.</msg>
<msg timestamp="20220410 10:48:18.008" level="INFO">${email body} = HI Dharikhan,

 Please find the attached resume for your reference.

 Regards,
 Priya Harale
 </msg>
<status status="PASS" starttime="20220410 10:48:17.983" endtime="20220410 10:48:18.008"/>
</kw>
<kw name="Input Text" library="Selenium2Library">
<arg>//*[@id="editorPlainText"]</arg>
<arg>${email body}</arg>
<doc>Types the given ``text`` into the text field identified by ``locator``.</doc>
<msg timestamp="20220410 10:48:18.011" level="INFO">Typing text 'HI Dharikhan,

 Please find the attached resume for your reference.

 Regards,
 Priya Harale
 ' into text field '//*[@id="editorPlainText"]'.</msg>
<status status="PASS" starttime="20220410 10:48:18.009" endtime="20220410 10:48:18.818"/>
</kw>
<status status="PASS" starttime="20220410 10:48:01.768" endtime="20220410 10:48:18.819"/>
</kw>
<status status="PASS" starttime="20220410 10:48:01.765" endtime="20220410 10:48:18.820"/>
</test>
<test id="s1-t3" name="TC1_Check Ip is available or not">
<kw name="Get Ip name of Desktop" library="Keywords">
<kw name="Getip" library="network">
<var>${ip}</var>
<msg timestamp="20220410 10:48:18.828" level="INFO">127.0.1.1</msg>
<msg timestamp="20220410 10:48:18.828" level="INFO">${ip} = None</msg>
<status status="PASS" starttime="20220410 10:48:18.827" endtime="20220410 10:48:18.829"/>
</kw>
<kw name="Log" library="BuiltIn">
<arg>${ip}</arg>
<doc>Logs the given message with the given level.</doc>
<msg timestamp="20220410 10:48:18.831" level="INFO">None</msg>
<status status="PASS" starttime="20220410 10:48:18.829" endtime="20220410 10:48:18.831"/>
</kw>
<status status="PASS" starttime="20220410 10:48:18.825" endtime="20220410 10:48:18.834"/>
</kw>
<status status="PASS" starttime="20220410 10:48:18.822" endtime="20220410 10:48:18.835"/>
</test>
<test id="s1-t4" name="Tc3 attachfile">
<kw name="Attach file to yahoo mail" library="Keywords">
<kw name="Click Element" library="Selenium2Library">
<arg>//*[@title="Attach files to email"]</arg>
<doc>Click the element identified by ``locator``.</doc>
<msg timestamp="20220410 10:48:18.843" level="INFO">Clicking element '//*[@title="Attach files to email"]'.</msg>
<status status="PASS" starttime="20220410 10:48:18.841" endtime="20220410 10:48:21.272"/>
</kw>
<kw name="Choose File" library="Selenium2Library">
<arg>//*[@id="upload_file_1"]</arg>
<arg>/home/dharikhan/Desktop/Automation/Automation_Projects/Resource_files/${file attach}</arg>
<doc>Inputs the ``file_path`` into the file input field ``locator``.</doc>
<msg timestamp="20220410 10:48:21.277" level="INFO">Sending /home/dharikhan/Desktop/Automation/Automation_Projects/Resource_files/harale_madhu.docx to browser.</msg>
<status status="PASS" starttime="20220410 10:48:21.273" endtime="20220410 10:48:21.427"/>
</kw>
<kw name="Click Element" library="Selenium2Library">
<arg>//*[@id="uploadcomplete"]/div[6]/div/button</arg>
<doc>Click the element identified by ``locator``.</doc>
<msg timestamp="20220410 10:48:21.430" level="INFO">Clicking element '//*[@id="uploadcomplete"]/div[6]/div/button'.</msg>
<status status="PASS" starttime="20220410 10:48:21.428" endtime="20220410 10:48:21.631"/>
</kw>
<kw name="Sleep" library="BuiltIn">
<arg>5</arg>
<doc>Pauses the test executed for the given time.</doc>
<msg timestamp="20220410 10:48:26.633" level="INFO">Slept 5 seconds</msg>
<status status="PASS" starttime="20220410 10:48:21.631" endtime="20220410 10:48:26.633"/>
</kw>
<kw name="Click Element" library="Selenium2Library">
<arg>//tr[1]/td/div/div/button[1][contains(text(),"Send")]</arg>
<doc>Click the element identified by ``locator``.</doc>
<msg timestamp="20220410 10:48:26.635" level="INFO">Clicking element '//tr[1]/td/div/div/button[1][contains(text(),"Send")]'.</msg>
<status status="PASS" starttime="20220410 10:48:26.634" endtime="20220410 10:48:30.208"/>
</kw>
<kw name="Sleep" library="BuiltIn">
<arg>5</arg>
<doc>Pauses the test executed for the given time.</doc>
<msg timestamp="20220410 10:48:35.210" level="INFO">Slept 5 seconds</msg>
<status status="PASS" starttime="20220410 10:48:30.209" endtime="20220410 10:48:35.211"/>
</kw>
<kw name="Close Browser" library="Selenium2Library">
<doc>Closes the current browser.</doc>
<status status="PASS" starttime="20220410 10:48:35.212" endtime="20220410 10:48:35.385"/>
</kw>
<status status="PASS" starttime="20220410 10:48:18.840" endtime="20220410 10:48:35.387"/>
</kw>
<status status="PASS" starttime="20220410 10:48:18.837" endtime="20220410 10:48:35.388"/>
</test>
<status status="PASS" starttime="20220410 10:47:36.003" endtime="20220410 10:48:35.393"/>
</suite>
<statistics>
<total>
<stat pass="4" fail="0" skip="0">All Tests</stat>
</total>
<tag>
</tag>
<suite>
<stat pass="4" fail="0" skip="0" id="s1" name="Yahoomail Automation">Yahoomail Automation</stat>
</suite>
</statistics>
<errors>
</errors>
</robot>
