<?xml version="1.0" encoding="UTF-8"?>
<robot generator="Robot 4.0.2 (Python 3.7.10 on linux)" generated="20220410 11:50:58.764" rpa="false" schemaversion="2">
<suite id="s1" name="Yahoomail Automation" source="/home/dharikhan/Desktop/Automation/Automation_Projects/yahoomail_automation.robot">
<test id="s1-t1" name="Testcase1 for login">
<kw name="Login yahoo mail" library="Keywords">
<kw name="Sleep" library="BuiltIn">
<arg>20</arg>
<doc>Pauses the test executed for the given time.</doc>
<msg timestamp="20220410 11:51:19.512" level="INFO">Slept 20 seconds</msg>
<status status="PASS" starttime="20220410 11:50:59.511" endtime="20220410 11:51:19.513"/>
</kw>
<kw name="Open Browser" library="Selenium2Library">
<arg>${url}</arg>
<arg>${browser}</arg>
<doc>Opens a new browser instance to the optional ``url``.</doc>
<msg timestamp="20220410 11:51:19.517" level="INFO">Opening browser 'chrome' to base url 'https://login.yahoo.com/'.</msg>
<status status="PASS" starttime="20220410 11:51:19.514" endtime="20220410 11:51:36.669"/>
</kw>
<kw name="Sleep" library="BuiltIn">
<arg>20</arg>
<doc>Pauses the test executed for the given time.</doc>
<status status="FAIL" starttime="20220410 11:51:36.670" endtime="20220410 11:51:45.774"/>
</kw>
<kw name="Maximize Browser Window" library="Selenium2Library">
<doc>Maximizes current browser window.</doc>
<status status="NOT RUN" starttime="20220410 11:51:45.775" endtime="20220410 11:51:45.776"/>
</kw>
<kw name="Input Text" library="Selenium2Library">
<arg>//*[@id="login-username"]</arg>
<arg>${username}</arg>
<doc>Types the given ``text`` into the text field identified by ``locator``.</doc>
<status status="NOT RUN" starttime="20220410 11:51:45.777" endtime="20220410 11:51:45.780"/>
</kw>
<kw name="Click Element" library="Selenium2Library">
<arg>//*[@id="login-signin"]</arg>
<doc>Click the element identified by ``locator``.</doc>
<status status="NOT RUN" starttime="20220410 11:51:45.781" endtime="20220410 11:51:45.782"/>
</kw>
<kw name="Sleep" library="BuiltIn">
<arg>5</arg>
<doc>Pauses the test executed for the given time.</doc>
<status status="NOT RUN" starttime="20220410 11:51:45.782" endtime="20220410 11:51:45.783"/>
</kw>
<kw name="Input Text" library="Selenium2Library">
<arg>//*[@id="login-passwd"]</arg>
<arg>${password}</arg>
<doc>Types the given ``text`` into the text field identified by ``locator``.</doc>
<status status="NOT RUN" starttime="20220410 11:51:45.784" endtime="20220410 11:51:45.784"/>
</kw>
<kw name="Click Element" library="Selenium2Library">
<arg>//*[@id="login-signin"]</arg>
<doc>Click the element identified by ``locator``.</doc>
<status status="NOT RUN" starttime="20220410 11:51:45.785" endtime="20220410 11:51:45.785"/>
</kw>
<status status="FAIL" starttime="20220410 11:50:59.509" endtime="20220410 11:51:45.788"/>
</kw>
<status status="FAIL" starttime="20220410 11:50:59.506" endtime="20220410 11:51:45.790">Execution terminated by signal</status>
</test>
<test id="s1-t2" name="Tc2 send mail">
<tag>robot:exit</tag>
<status status="FAIL" starttime="20220410 11:51:45.792" endtime="20220410 11:51:45.795">Test execution stopped due to a fatal error.</status>
</test>
<test id="s1-t3" name="TC1_Check Ip is available or not">
<tag>robot:exit</tag>
<status status="FAIL" starttime="20220410 11:51:45.797" endtime="20220410 11:51:45.800">Test execution stopped due to a fatal error.</status>
</test>
<test id="s1-t4" name="Tc3 attachfile">
<tag>robot:exit</tag>
<status status="FAIL" starttime="20220410 11:51:45.803" endtime="20220410 11:51:45.807">Test execution stopped due to a fatal error.</status>
</test>
<status status="FAIL" starttime="20220410 11:50:58.768" endtime="20220410 11:51:45.813"/>
</suite>
<statistics>
<total>
<stat pass="0" fail="4" skip="0">All Tests</stat>
</total>
<tag>
<stat pass="0" fail="1" skip="0" info="combined" combined="NOT robot:exit">NOT robot:exit</stat>
<stat pass="0" fail="3" skip="0">robot:exit</stat>
</tag>
<suite>
<stat pass="0" fail="4" skip="0" id="s1" name="Yahoomail Automation">Yahoomail Automation</stat>
</suite>
</statistics>
<errors>
</errors>
</robot>
