<?xml version="1.0" encoding="UTF-8"?>
<robot generator="Robot 4.0.2 (Python 3.7.10 on linux)" generated="20220217 17:19:40.259" rpa="false" schemaversion="2">
<suite id="s1" name="Yahoomail Automation" source="/home/dharikhan/Desktop/my_automation_project/yahoomail_automation.robot">
<test id="s1-t1" name="Testcase1 for login">
<kw name="Login yahoo mail" library="Keywords">
<kw name="Open Browser" library="Selenium2Library">
<arg>${url}</arg>
<arg>${browser}</arg>
<doc>Opens a new browser instance to the optional ``url``.</doc>
<msg timestamp="20220217 17:19:41.537" level="INFO">Opening browser 'Chrome' to base url 'https://login.yahoo.com/'.</msg>
<status status="PASS" starttime="20220217 17:19:41.536" endtime="20220217 17:22:18.647"/>
</kw>
<kw name="Sleep" library="BuiltIn">
<arg>2</arg>
<doc>Pauses the test executed for the given time.</doc>
<msg timestamp="20220217 17:22:20.651" level="INFO">Slept 2 seconds</msg>
<status status="PASS" starttime="20220217 17:22:18.649" endtime="20220217 17:22:20.652"/>
</kw>
<kw name="Maximize Browser Window" library="Selenium2Library">
<doc>Maximizes current browser window.</doc>
<status status="PASS" starttime="20220217 17:22:20.653" endtime="20220217 17:22:20.959"/>
</kw>
<kw name="Input Text" library="Selenium2Library">
<arg>//*[@id="login-username"]</arg>
<arg>${username}</arg>
<doc>Types the given ``text`` into the text field identified by ``locator``.</doc>
<msg timestamp="20220217 17:22:20.965" level="INFO">Typing text 'priya12330@yahoo.com' into text field '//*[@id="login-username"]'.</msg>
<status status="PASS" starttime="20220217 17:22:20.961" endtime="20220217 17:22:21.454"/>
</kw>
<kw name="Click Element" library="Selenium2Library">
<arg>//*[@id="login-signin"]</arg>
<doc>Click the element identified by ``locator``.</doc>
<msg timestamp="20220217 17:22:21.457" level="INFO">Clicking element '//*[@id="login-signin"]'.</msg>
<status status="PASS" starttime="20220217 17:22:21.455" endtime="20220217 17:22:21.754"/>
</kw>
<kw name="Sleep" library="BuiltIn">
<arg>5</arg>
<doc>Pauses the test executed for the given time.</doc>
<msg timestamp="20220217 17:22:26.757" level="INFO">Slept 5 seconds</msg>
<status status="PASS" starttime="20220217 17:22:21.755" endtime="20220217 17:22:26.758"/>
</kw>
<kw name="Input Text" library="Selenium2Library">
<arg>//*[@id="login-passwd"]</arg>
<arg>${password}</arg>
<doc>Types the given ``text`` into the text field identified by ``locator``.</doc>
<msg timestamp="20220217 17:22:26.761" level="INFO">Typing text 'indus@1988' into text field '//*[@id="login-passwd"]'.</msg>
<status status="PASS" starttime="20220217 17:22:26.759" endtime="20220217 17:22:27.019"/>
</kw>
<kw name="Click Element" library="Selenium2Library">
<arg>//*[@id="login-signin"]</arg>
<doc>Click the element identified by ``locator``.</doc>
<msg timestamp="20220217 17:22:27.021" level="INFO">Clicking element '//*[@id="login-signin"]'.</msg>
<status status="PASS" starttime="20220217 17:22:27.019" endtime="20220217 17:24:41.108"/>
</kw>
<status status="PASS" starttime="20220217 17:19:41.534" endtime="20220217 17:24:41.109"/>
</kw>
<status status="PASS" starttime="20220217 17:19:41.531" endtime="20220217 17:24:41.111"/>
</test>
<test id="s1-t2" name="Tc2 send mail">
<kw name="Compose mail" library="Keywords">
<kw name="Click Element" library="Selenium2Library">
<arg>//*[@id="ymail"]</arg>
<doc>Click the element identified by ``locator``.</doc>
<msg timestamp="20220217 17:24:41.124" level="INFO">Clicking element '//*[@id="ymail"]'.</msg>
<status status="PASS" starttime="20220217 17:24:41.122" endtime="20220217 17:26:54.987"/>
</kw>
<kw name="Click Element" library="Selenium2Library">
<arg>//tbody/tr[1]/td/a[contains(text(),"Compose")]</arg>
<doc>Click the element identified by ``locator``.</doc>
<msg timestamp="20220217 17:26:54.989" level="INFO">Clicking element '//tbody/tr[1]/td/a[contains(text(),"Compose")]'.</msg>
<status status="PASS" starttime="20220217 17:26:54.988" endtime="20220217 17:27:56.660"/>
</kw>
<kw name="Input Text" library="Selenium2Library">
<arg>//*[@id="to"]</arg>
<arg>${sender email address}</arg>
<doc>Types the given ``text`` into the text field identified by ``locator``.</doc>
<msg timestamp="20220217 17:27:56.664" level="INFO">Typing text 'dhari.nandakumar@gmail.com' into text field '//*[@id="to"]'.</msg>
<status status="PASS" starttime="20220217 17:27:56.661" endtime="20220217 17:27:57.104"/>
</kw>
<kw name="Input Text" library="Selenium2Library">
<arg>//*[@id="subject"]</arg>
<arg>${subject}</arg>
<doc>Types the given ``text`` into the text field identified by ``locator``.</doc>
<msg timestamp="20220217 17:27:57.107" level="INFO">Typing text 'Resume' into text field '//*[@id="subject"]'.</msg>
<status status="PASS" starttime="20220217 17:27:57.105" endtime="20220217 17:27:57.446"/>
</kw>
<kw name="Get File" library="OperatingSystem">
<var>${email body}</var>
<arg>${email_body_file}</arg>
<doc>Returns the contents of a specified file.</doc>
<msg timestamp="20220217 17:27:57.450" level="INFO" html="true">Getting file '&lt;a href="file:///home/dharikhan/Desktop/my_automation_project/email_body.txt"&gt;/home/dharikhan/Desktop/my_automation_project/email_body.txt&lt;/a&gt;'.</msg>
<msg timestamp="20220217 17:27:57.472" level="INFO">${email body} = HI Dharikhan,

 Please find the attached resume for your reference.

 Regards,
 Priya Harale
 </msg>
<status status="PASS" starttime="20220217 17:27:57.447" endtime="20220217 17:27:57.472"/>
</kw>
<kw name="Input Text" library="Selenium2Library">
<arg>//*[@id="editorPlainText"]</arg>
<arg>${email body}</arg>
<doc>Types the given ``text`` into the text field identified by ``locator``.</doc>
<msg timestamp="20220217 17:27:57.474" level="INFO">Typing text 'HI Dharikhan,

 Please find the attached resume for your reference.

 Regards,
 Priya Harale
 ' into text field '//*[@id="editorPlainText"]'.</msg>
<status status="PASS" starttime="20220217 17:27:57.472" endtime="20220217 17:27:58.130"/>
</kw>
<status status="PASS" starttime="20220217 17:24:41.119" endtime="20220217 17:27:58.131"/>
</kw>
<status status="PASS" starttime="20220217 17:24:41.115" endtime="20220217 17:27:58.132"/>
</test>
<test id="s1-t3" name="TC1_Check Ip is available or not">
<kw name="Get Ip name of Desktop" library="Keywords">
<kw name="getip">
<var>${ip}</var>
<msg timestamp="20220217 17:27:58.158" level="FAIL">No keyword with name 'getip' found. Did you mean:
    BuiltIn.Get Time
    OperatingSystem.Get File</msg>
<status status="FAIL" starttime="20220217 17:27:58.158" endtime="20220217 17:27:58.159"/>
</kw>
<kw name="Log" library="BuiltIn">
<arg>${ip}</arg>
<doc>Logs the given message with the given level.</doc>
<status status="NOT RUN" starttime="20220217 17:27:58.159" endtime="20220217 17:27:58.160"/>
</kw>
<status status="FAIL" starttime="20220217 17:27:58.136" endtime="20220217 17:27:58.161"/>
</kw>
<status status="FAIL" starttime="20220217 17:27:58.134" endtime="20220217 17:27:58.162">No keyword with name 'getip' found. Did you mean:
    BuiltIn.Get Time
    OperatingSystem.Get File</status>
</test>
<test id="s1-t4" name="Tc3 attachfile">
<kw name="Attach file to yahoo mail" library="Keywords">
<kw name="Click Element" library="Selenium2Library">
<arg>//*[@title="Attach files to email"]</arg>
<doc>Click the element identified by ``locator``.</doc>
<msg timestamp="20220217 17:27:58.168" level="INFO">Clicking element '//*[@title="Attach files to email"]'.</msg>
<status status="PASS" starttime="20220217 17:27:58.167" endtime="20220217 17:28:02.756"/>
</kw>
<kw name="Choose File" library="Selenium2Library">
<arg>//*[@id="upload_file_1"]</arg>
<arg>/home/dharikhan/Desktop/my_automation_project/Resource_files/${file attach}</arg>
<doc>Inputs the ``file_path`` into the file input field ``locator``.</doc>
<msg timestamp="20220217 17:28:02.764" level="INFO">Sending /home/dharikhan/Desktop/my_automation_project/Resource_files/harale_madhu.docx to browser.</msg>
<status status="PASS" starttime="20220217 17:28:02.756" endtime="20220217 17:28:02.945"/>
</kw>
<kw name="Click Element" library="Selenium2Library">
<arg>//*[@id="uploadcomplete"]/div[6]/div/button</arg>
<doc>Click the element identified by ``locator``.</doc>
<msg timestamp="20220217 17:28:02.949" level="INFO">Clicking element '//*[@id="uploadcomplete"]/div[6]/div/button'.</msg>
<status status="PASS" starttime="20220217 17:28:02.946" endtime="20220217 17:28:03.156"/>
</kw>
<kw name="Sleep" library="BuiltIn">
<arg>5</arg>
<doc>Pauses the test executed for the given time.</doc>
<msg timestamp="20220217 17:28:08.158" level="INFO">Slept 5 seconds</msg>
<status status="PASS" starttime="20220217 17:28:03.156" endtime="20220217 17:28:08.159"/>
</kw>
<kw name="Click Element" library="Selenium2Library">
<arg>//tr[1]/td/div/div/button[1][contains(text(),"Send")]</arg>
<doc>Click the element identified by ``locator``.</doc>
<msg timestamp="20220217 17:28:08.161" level="INFO">Clicking element '//tr[1]/td/div/div/button[1][contains(text(),"Send")]'.</msg>
<status status="PASS" starttime="20220217 17:28:08.160" endtime="20220217 17:28:30.036"/>
</kw>
<kw name="Sleep" library="BuiltIn">
<arg>5</arg>
<doc>Pauses the test executed for the given time.</doc>
<msg timestamp="20220217 17:28:35.039" level="INFO">Slept 5 seconds</msg>
<status status="PASS" starttime="20220217 17:28:30.037" endtime="20220217 17:28:35.040"/>
</kw>
<kw name="Close Browser" library="Selenium2Library">
<doc>Closes the current browser.</doc>
<status status="PASS" starttime="20220217 17:28:35.041" endtime="20220217 17:28:35.245"/>
</kw>
<status status="PASS" starttime="20220217 17:27:58.166" endtime="20220217 17:28:35.246"/>
</kw>
<status status="PASS" starttime="20220217 17:27:58.164" endtime="20220217 17:28:35.248"/>
</test>
<status status="FAIL" starttime="20220217 17:19:40.263" endtime="20220217 17:28:35.252"/>
</suite>
<statistics>
<total>
<stat pass="3" fail="1" skip="0">All Tests</stat>
</total>
<tag>
</tag>
<suite>
<stat pass="3" fail="1" skip="0" id="s1" name="Yahoomail Automation">Yahoomail Automation</stat>
</suite>
</statistics>
<errors>
<msg timestamp="20220217 17:19:41.527" level="ERROR">Error in resource file '/home/dharikhan/Desktop/my_automation_project/Resource_files/Keywords.robot': Creating keyword 'Input username' failed: Invalid argument specification: Invalid argument syntax '${}'.</msg>
<msg timestamp="20220217 17:19:41.528" level="ERROR">Error in file '/home/dharikhan/Desktop/my_automation_project/yahoomail_automation.robot' on line 6: Invalid resource file extension '.py'. Supported extensions are '.resource', '.robot', '.txt', '.tsv', '.rst' and '.rest'.</msg>
</errors>
</robot>
