<?xml version="1.0" encoding="UTF-8"?>
<robot generator="Robot 4.0.2 (Python 3.7.10 on linux)" generated="20220409 20:22:52.585" rpa="false" schemaversion="2">
<suite id="s1" name="Yahoomail Automation" source="/home/dharikhan/Desktop/Automation/Automation_Projects/yahoomail_automation.robot">
<test id="s1-t1" name="Testcase1 for login">
<kw name="Login yahoo mail" library="Keywords">
<kw name="Open Browser" library="Selenium2Library">
<arg>${url}</arg>
<arg>${browser}</arg>
<doc>Opens a new browser instance to the optional ``url``.</doc>
<msg timestamp="20220409 20:22:53.329" level="INFO">Opening browser 'chrome' to base url 'https://login.yahoo.com/'.</msg>
<status status="PASS" starttime="20220409 20:22:53.328" endtime="20220409 20:23:04.659"/>
</kw>
<kw name="Sleep" library="BuiltIn">
<arg>2</arg>
<doc>Pauses the test executed for the given time.</doc>
<msg timestamp="20220409 20:23:06.662" level="INFO">Slept 2 seconds</msg>
<status status="PASS" starttime="20220409 20:23:04.660" endtime="20220409 20:23:06.663"/>
</kw>
<kw name="Maximize Browser Window" library="Selenium2Library">
<doc>Maximizes current browser window.</doc>
<status status="PASS" starttime="20220409 20:23:06.664" endtime="20220409 20:23:06.800"/>
</kw>
<kw name="Input Text" library="Selenium2Library">
<arg>//*[@id="login-username"]</arg>
<arg>${username}</arg>
<doc>Types the given ``text`` into the text field identified by ``locator``.</doc>
<msg timestamp="20220409 20:23:06.803" level="INFO">Typing text 'priya12330@yahoo.com' into text field '//*[@id="login-username"]'.</msg>
<status status="PASS" starttime="20220409 20:23:06.801" endtime="20220409 20:23:07.616"/>
</kw>
<kw name="Click Element" library="Selenium2Library">
<arg>//*[@id="login-signin"]</arg>
<doc>Click the element identified by ``locator``.</doc>
<msg timestamp="20220409 20:23:07.618" level="INFO">Clicking element '//*[@id="login-signin"]'.</msg>
<status status="PASS" starttime="20220409 20:23:07.617" endtime="20220409 20:23:07.916"/>
</kw>
<kw name="Sleep" library="BuiltIn">
<arg>5</arg>
<doc>Pauses the test executed for the given time.</doc>
<msg timestamp="20220409 20:23:12.919" level="INFO">Slept 5 seconds</msg>
<status status="PASS" starttime="20220409 20:23:07.917" endtime="20220409 20:23:12.920"/>
</kw>
<kw name="Input Text" library="Selenium2Library">
<arg>//*[@id="login-passwd"]</arg>
<arg>${password}</arg>
<doc>Types the given ``text`` into the text field identified by ``locator``.</doc>
<msg timestamp="20220409 20:23:12.923" level="INFO">Typing text 'indus@1988' into text field '//*[@id="login-passwd"]'.</msg>
<status status="PASS" starttime="20220409 20:23:12.921" endtime="20220409 20:23:13.279"/>
</kw>
<kw name="Click Element" library="Selenium2Library">
<arg>//*[@id="login-signin"]</arg>
<doc>Click the element identified by ``locator``.</doc>
<msg timestamp="20220409 20:23:13.281" level="INFO">Clicking element '//*[@id="login-signin"]'.</msg>
<status status="PASS" starttime="20220409 20:23:13.280" endtime="20220409 20:23:17.681"/>
</kw>
<status status="PASS" starttime="20220409 20:22:53.326" endtime="20220409 20:23:17.683"/>
</kw>
<status status="PASS" starttime="20220409 20:22:53.324" endtime="20220409 20:23:17.685"/>
</test>
<test id="s1-t2" name="Tc2 send mail">
<kw name="Compose mail" library="Keywords">
<kw name="Click Element" library="Selenium2Library">
<arg>//*[@id="ymail"]</arg>
<doc>Click the element identified by ``locator``.</doc>
<msg timestamp="20220409 20:23:17.697" level="INFO">Clicking element '//*[@id="ymail"]'.</msg>
<status status="PASS" starttime="20220409 20:23:17.695" endtime="20220409 20:23:26.569"/>
</kw>
<kw name="Click Element" library="Selenium2Library">
<arg>//tbody/tr[1]/td/a[contains(text(),"Compose")]</arg>
<doc>Click the element identified by ``locator``.</doc>
<msg timestamp="20220409 20:23:26.571" level="INFO">Clicking element '//tbody/tr[1]/td/a[contains(text(),"Compose")]'.</msg>
<status status="PASS" starttime="20220409 20:23:26.570" endtime="20220409 20:23:30.286"/>
</kw>
<kw name="Input Text" library="Selenium2Library">
<arg>//*[@id="to"]</arg>
<arg>${sender email address}</arg>
<doc>Types the given ``text`` into the text field identified by ``locator``.</doc>
<msg timestamp="20220409 20:23:30.293" level="INFO">Typing text 'dhari.nandakumar@gmail.com' into text field '//*[@id="to"]'.</msg>
<status status="PASS" starttime="20220409 20:23:30.290" endtime="20220409 20:23:30.704"/>
</kw>
<kw name="Input Text" library="Selenium2Library">
<arg>//*[@id="subject"]</arg>
<arg>${subject}</arg>
<doc>Types the given ``text`` into the text field identified by ``locator``.</doc>
<msg timestamp="20220409 20:23:30.706" level="INFO">Typing text 'Resume' into text field '//*[@id="subject"]'.</msg>
<status status="PASS" starttime="20220409 20:23:30.705" endtime="20220409 20:23:31.047"/>
</kw>
<kw name="Get File" library="OperatingSystem">
<var>${email body}</var>
<arg>${email_body_file}</arg>
<doc>Returns the contents of a specified file.</doc>
<msg timestamp="20220409 20:23:31.051" level="INFO" html="true">Getting file '&lt;a href="file:///home/dharikhan/Desktop/Automation/Automation_Projects/email_body.txt"&gt;/home/dharikhan/Desktop/Automation/Automation_Projects/email_body.txt&lt;/a&gt;'.</msg>
<msg timestamp="20220409 20:23:31.070" level="INFO">${email body} = HI Dharikhan,

 Please find the attached resume for your reference.

 Regards,
 Priya Harale
 </msg>
<status status="PASS" starttime="20220409 20:23:31.049" endtime="20220409 20:23:31.071"/>
</kw>
<kw name="Input Text" library="Selenium2Library">
<arg>//*[@id="editorPlainText"]</arg>
<arg>${email body}</arg>
<doc>Types the given ``text`` into the text field identified by ``locator``.</doc>
<msg timestamp="20220409 20:23:31.074" level="INFO">Typing text 'HI Dharikhan,

 Please find the attached resume for your reference.

 Regards,
 Priya Harale
 ' into text field '//*[@id="editorPlainText"]'.</msg>
<status status="PASS" starttime="20220409 20:23:31.072" endtime="20220409 20:23:31.815"/>
</kw>
<status status="PASS" starttime="20220409 20:23:17.693" endtime="20220409 20:23:31.816"/>
</kw>
<status status="PASS" starttime="20220409 20:23:17.689" endtime="20220409 20:23:31.817"/>
</test>
<test id="s1-t3" name="TC1_Check Ip is available or not">
<kw name="Get Ip name of Desktop" library="Keywords">
<kw name="Getip" library="network">
<var>${ip}</var>
<msg timestamp="20220409 20:23:31.828" level="INFO">127.0.1.1</msg>
<msg timestamp="20220409 20:23:31.829" level="INFO">${ip} = None</msg>
<status status="PASS" starttime="20220409 20:23:31.827" endtime="20220409 20:23:31.829"/>
</kw>
<kw name="Log" library="BuiltIn">
<arg>${ip}</arg>
<doc>Logs the given message with the given level.</doc>
<msg timestamp="20220409 20:23:31.831" level="INFO">None</msg>
<status status="PASS" starttime="20220409 20:23:31.830" endtime="20220409 20:23:31.832"/>
</kw>
<status status="PASS" starttime="20220409 20:23:31.825" endtime="20220409 20:23:31.832"/>
</kw>
<status status="PASS" starttime="20220409 20:23:31.822" endtime="20220409 20:23:31.833"/>
</test>
<test id="s1-t4" name="Tc3 attachfile">
<kw name="Attach file to yahoo mail" library="Keywords">
<kw name="Click Element" library="Selenium2Library">
<arg>//*[@title="Attach files to email"]</arg>
<doc>Click the element identified by ``locator``.</doc>
<msg timestamp="20220409 20:23:31.841" level="INFO">Clicking element '//*[@title="Attach files to email"]'.</msg>
<status status="PASS" starttime="20220409 20:23:31.840" endtime="20220409 20:23:37.546"/>
</kw>
<kw name="Choose File" library="Selenium2Library">
<arg>//*[@id="upload_file_1"]</arg>
<arg>/home/dharikhan/Desktop/Automation/Automation_Projects/Resource_files/${file attach}</arg>
<doc>Inputs the ``file_path`` into the file input field ``locator``.</doc>
<msg timestamp="20220409 20:23:37.549" level="INFO">Sending /home/dharikhan/Desktop/Automation/Automation_Projects/Resource_files/harale_madhu.docx to browser.</msg>
<status status="PASS" starttime="20220409 20:23:37.547" endtime="20220409 20:23:37.900"/>
</kw>
<kw name="Click Element" library="Selenium2Library">
<arg>//*[@id="uploadcomplete"]/div[6]/div/button</arg>
<doc>Click the element identified by ``locator``.</doc>
<msg timestamp="20220409 20:23:37.903" level="INFO">Clicking element '//*[@id="uploadcomplete"]/div[6]/div/button'.</msg>
<status status="PASS" starttime="20220409 20:23:37.901" endtime="20220409 20:23:38.103"/>
</kw>
<kw name="Sleep" library="BuiltIn">
<arg>5</arg>
<doc>Pauses the test executed for the given time.</doc>
<msg timestamp="20220409 20:23:43.106" level="INFO">Slept 5 seconds</msg>
<status status="PASS" starttime="20220409 20:23:38.104" endtime="20220409 20:23:43.107"/>
</kw>
<kw name="Click Element" library="Selenium2Library">
<arg>//tr[1]/td/div/div/button[1][contains(text(),"Send")]</arg>
<doc>Click the element identified by ``locator``.</doc>
<msg timestamp="20220409 20:23:43.110" level="INFO">Clicking element '//tr[1]/td/div/div/button[1][contains(text(),"Send")]'.</msg>
<status status="PASS" starttime="20220409 20:23:43.108" endtime="20220409 20:23:49.419"/>
</kw>
<kw name="Sleep" library="BuiltIn">
<arg>5</arg>
<doc>Pauses the test executed for the given time.</doc>
<msg timestamp="20220409 20:23:54.423" level="INFO">Slept 5 seconds</msg>
<status status="PASS" starttime="20220409 20:23:49.421" endtime="20220409 20:23:54.423"/>
</kw>
<kw name="Close Browser" library="Selenium2Library">
<doc>Closes the current browser.</doc>
<status status="PASS" starttime="20220409 20:23:54.425" endtime="20220409 20:23:54.584"/>
</kw>
<status status="PASS" starttime="20220409 20:23:31.838" endtime="20220409 20:23:54.585"/>
</kw>
<status status="PASS" starttime="20220409 20:23:31.836" endtime="20220409 20:23:54.586"/>
</test>
<status status="PASS" starttime="20220409 20:22:52.589" endtime="20220409 20:23:54.590"/>
</suite>
<statistics>
<total>
<stat pass="4" fail="0" skip="0">All Tests</stat>
</total>
<tag>
</tag>
<suite>
<stat pass="4" fail="0" skip="0" id="s1" name="Yahoomail Automation">Yahoomail Automation</stat>
</suite>
</statistics>
<errors>
</errors>
</robot>
