<?xml version="1.0" encoding="UTF-8"?>
<robot generator="Robot 4.1.3 (Python 3.10.0 on win32)" generated="20220410 15:49:31.332" rpa="false" schemaversion="2">
<suite id="s1" name="Yahoomail Automation" source="C:\Users\Vedh Dhari Madhu\OneDrive\Desktop\auto\Automation_Projects\yahoomail_automation.robot">
<test id="s1-t1" name="Testcase1 for login">
<kw name="Login yahoo mail" library="Keywords">
<kw name="Sleep" library="BuiltIn">
<arg>50</arg>
<doc>Pauses the test executed for the given time.</doc>
<msg timestamp="20220410 15:50:24.001" level="INFO">Slept 50 seconds</msg>
<status status="PASS" starttime="20220410 15:49:33.987" endtime="20220410 15:50:24.001"/>
</kw>
<kw name="Open Browser" library="Selenium2Library">
<arg>${url}</arg>
<arg>${browser}</arg>
<doc>Opens a new browser instance to the optional ``url``.</doc>
<msg timestamp="20220410 15:50:24.004" level="INFO">Opening browser 'chrome' to base url 'https://login.yahoo.com/'.</msg>
<status status="PASS" starttime="20220410 15:50:24.002" endtime="20220410 15:50:40.089"/>
</kw>
<kw name="Sleep" library="BuiltIn">
<arg>50</arg>
<doc>Pauses the test executed for the given time.</doc>
<msg timestamp="20220410 15:51:30.089" level="INFO">Slept 50 seconds</msg>
<status status="PASS" starttime="20220410 15:50:40.089" endtime="20220410 15:51:30.090"/>
</kw>
<kw name="Maximize Browser Window" library="Selenium2Library">
<doc>Maximizes current browser window.</doc>
<status status="PASS" starttime="20220410 15:51:30.090" endtime="20220410 15:51:30.756"/>
</kw>
<kw name="Input Text" library="Selenium2Library">
<arg>//*[@id="login-username"]</arg>
<arg>${username}</arg>
<doc>Types the given ``text`` into the text field identified by ``locator``.</doc>
<msg timestamp="20220410 15:51:30.757" level="INFO">Typing text 'priya12330@yahoo.com' into text field '//*[@id="login-username"]'.</msg>
<status status="PASS" starttime="20220410 15:51:30.756" endtime="20220410 15:51:31.686"/>
</kw>
<kw name="Click Element" library="Selenium2Library">
<arg>//*[@id="login-signin"]</arg>
<doc>Click the element identified by ``locator``.</doc>
<msg timestamp="20220410 15:51:31.687" level="INFO">Clicking element '//*[@id="login-signin"]'.</msg>
<status status="PASS" starttime="20220410 15:51:31.686" endtime="20220410 15:51:31.937"/>
</kw>
<kw name="Sleep" library="BuiltIn">
<arg>5</arg>
<doc>Pauses the test executed for the given time.</doc>
<msg timestamp="20220410 15:51:36.942" level="INFO">Slept 5 seconds</msg>
<status status="PASS" starttime="20220410 15:51:31.937" endtime="20220410 15:51:36.942"/>
</kw>
<kw name="Input Text" library="Selenium2Library">
<arg>//*[@id="login-passwd"]</arg>
<arg>${password}</arg>
<doc>Types the given ``text`` into the text field identified by ``locator``.</doc>
<msg timestamp="20220410 15:51:36.944" level="INFO">Typing text 'indus@1988' into text field '//*[@id="login-passwd"]'.</msg>
<status status="PASS" starttime="20220410 15:51:36.943" endtime="20220410 15:51:39.998"/>
</kw>
<kw name="Click Element" library="Selenium2Library">
<arg>//*[@id="login-signin"]</arg>
<doc>Click the element identified by ``locator``.</doc>
<msg timestamp="20220410 15:51:39.998" level="INFO">Clicking element '//*[@id="login-signin"]'.</msg>
<status status="PASS" starttime="20220410 15:51:39.998" endtime="20220410 15:51:44.556"/>
</kw>
<status status="PASS" starttime="20220410 15:49:33.987" endtime="20220410 15:51:44.556"/>
</kw>
<status status="PASS" starttime="20220410 15:49:33.987" endtime="20220410 15:51:44.558"/>
</test>
<test id="s1-t2" name="Tc2 send mail">
<kw name="Compose mail" library="Keywords">
<kw name="Click Element" library="Selenium2Library">
<arg>//*[@id="ymail"]</arg>
<doc>Click the element identified by ``locator``.</doc>
<msg timestamp="20220410 15:51:44.562" level="INFO">Clicking element '//*[@id="ymail"]'.</msg>
<status status="PASS" starttime="20220410 15:51:44.562" endtime="20220410 15:52:03.221"/>
</kw>
<kw name="Click Element" library="Selenium2Library">
<arg>//tbody/tr[1]/td/a[contains(text(),"Compose")]</arg>
<doc>Click the element identified by ``locator``.</doc>
<msg timestamp="20220410 15:52:03.222" level="INFO">Clicking element '//tbody/tr[1]/td/a[contains(text(),"Compose")]'.</msg>
<status status="PASS" starttime="20220410 15:52:03.221" endtime="20220410 15:52:13.529"/>
</kw>
<kw name="Input Text" library="Selenium2Library">
<arg>//*[@id="to"]</arg>
<arg>${sender email address}</arg>
<doc>Types the given ``text`` into the text field identified by ``locator``.</doc>
<msg timestamp="20220410 15:52:13.531" level="INFO">Typing text 'dhari.nandakumar@gmail.com' into text field '//*[@id="to"]'.</msg>
<status status="PASS" starttime="20220410 15:52:13.530" endtime="20220410 15:52:13.729"/>
</kw>
<kw name="Input Text" library="Selenium2Library">
<arg>//*[@id="subject"]</arg>
<arg>${subject}</arg>
<doc>Types the given ``text`` into the text field identified by ``locator``.</doc>
<msg timestamp="20220410 15:52:13.730" level="INFO">Typing text 'Resume' into text field '//*[@id="subject"]'.</msg>
<status status="PASS" starttime="20220410 15:52:13.729" endtime="20220410 15:52:14.706"/>
</kw>
<kw name="Get File" library="OperatingSystem">
<var>${email body}</var>
<arg>${email_body_file}</arg>
<doc>Returns the contents of a specified file.</doc>
<msg timestamp="20220410 15:52:14.707" level="INFO" html="true">Getting file '&lt;a href="file://C:\Users\Vedh Dhari Madhu\OneDrive\Desktop\auto\Automation_Projects\email_body.txt"&gt;C:\Users\Vedh Dhari Madhu\OneDrive\Desktop\auto\Automation_Projects\email_body.txt&lt;/a&gt;'.</msg>
<msg timestamp="20220410 15:52:15.685" level="INFO">${email body} = HI Dharikhan,

 Please find the attached resume for your reference.

 Regards,
 Priya Harale
 </msg>
<status status="PASS" starttime="20220410 15:52:14.706" endtime="20220410 15:52:15.686"/>
</kw>
<kw name="Input Text" library="Selenium2Library">
<arg>//*[@id="editorPlainText"]</arg>
<arg>${email body}</arg>
<doc>Types the given ``text`` into the text field identified by ``locator``.</doc>
<msg timestamp="20220410 15:52:15.686" level="INFO">Typing text 'HI Dharikhan,

 Please find the attached resume for your reference.

 Regards,
 Priya Harale
 ' into text field '//*[@id="editorPlainText"]'.</msg>
<status status="PASS" starttime="20220410 15:52:15.686" endtime="20220410 15:52:16.137"/>
</kw>
<status status="PASS" starttime="20220410 15:51:44.561" endtime="20220410 15:52:16.138"/>
</kw>
<status status="PASS" starttime="20220410 15:51:44.559" endtime="20220410 15:52:16.139"/>
</test>
<test id="s1-t3" name="TC1_Check Ip is available or not">
<kw name="Get Ip name of Desktop" library="Keywords">
<kw name="Getip" library="network">
<var>${ip}</var>
<msg timestamp="20220410 15:52:16.432" level="INFO">127.0.0.1</msg>
<msg timestamp="20220410 15:52:16.432" level="INFO">${ip} = None</msg>
<status status="PASS" starttime="20220410 15:52:16.142" endtime="20220410 15:52:16.432"/>
</kw>
<kw name="Log" library="BuiltIn">
<arg>${ip}</arg>
<doc>Logs the given message with the given level.</doc>
<msg timestamp="20220410 15:52:16.432" level="INFO">None</msg>
<status status="PASS" starttime="20220410 15:52:16.432" endtime="20220410 15:52:16.432"/>
</kw>
<status status="PASS" starttime="20220410 15:52:16.141" endtime="20220410 15:52:16.432"/>
</kw>
<status status="PASS" starttime="20220410 15:52:16.140" endtime="20220410 15:52:16.432"/>
</test>
<test id="s1-t4" name="Tc3 attachfile">
<kw name="Attach file to yahoo mail" library="Keywords">
<kw name="Click Element" library="Selenium2Library">
<arg>//*[@title="Attach files to email"]</arg>
<doc>Click the element identified by ``locator``.</doc>
<msg timestamp="20220410 15:52:16.451" level="INFO">Clicking element '//*[@title="Attach files to email"]'.</msg>
<status status="PASS" starttime="20220410 15:52:16.451" endtime="20220410 15:52:17.880"/>
</kw>
<kw name="Choose File" library="Selenium2Library">
<arg>//*[@id="upload_file_1"]</arg>
<arg>C:\\Users\\Vedh Dhari Madhu\\OneDrive\\Desktop\\auto\\Automation_Projects\\Resource_files/${file attach}</arg>
<doc>Inputs the ``file_path`` into the file input field ``locator``.</doc>
<msg timestamp="20220410 15:52:17.920" level="INFO">Sending C:\Users\Vedh Dhari Madhu\OneDrive\Desktop\auto\Automation_Projects\Resource_files\harale_madhu.docx to browser.</msg>
<msg timestamp="20220410 15:52:18.355" level="INFO" html="true">&lt;/td&gt;&lt;/tr&gt;&lt;tr&gt;&lt;td colspan="3"&gt;&lt;a href="selenium-screenshot-6.png"&gt;&lt;img src="selenium-screenshot-6.png" width="800px"&gt;&lt;/a&gt;</msg>
<msg timestamp="20220410 15:52:19.004" level="FAIL">Element with locator '//*[@id="upload_file_1"]' not found.</msg>
<status status="FAIL" starttime="20220410 15:52:17.881" endtime="20220410 15:52:19.005"/>
</kw>
<kw name="Click Element" library="Selenium2Library">
<arg>//*[@id="uploadcomplete"]/div[6]/div/button</arg>
<doc>Click the element identified by ``locator``.</doc>
<status status="NOT RUN" starttime="20220410 15:52:19.006" endtime="20220410 15:52:19.006"/>
</kw>
<kw name="Sleep" library="BuiltIn">
<arg>5</arg>
<doc>Pauses the test executed for the given time.</doc>
<status status="NOT RUN" starttime="20220410 15:52:19.007" endtime="20220410 15:52:19.007"/>
</kw>
<kw name="Click Element" library="Selenium2Library">
<arg>//tr[1]/td/div/div/button[1][contains(text(),"Send")]</arg>
<doc>Click the element identified by ``locator``.</doc>
<status status="NOT RUN" starttime="20220410 15:52:19.007" endtime="20220410 15:52:19.007"/>
</kw>
<kw name="Sleep" library="BuiltIn">
<arg>5</arg>
<doc>Pauses the test executed for the given time.</doc>
<status status="NOT RUN" starttime="20220410 15:52:19.008" endtime="20220410 15:52:19.008"/>
</kw>
<kw name="Close Browser" library="Selenium2Library">
<doc>Closes the current browser.</doc>
<status status="NOT RUN" starttime="20220410 15:52:19.008" endtime="20220410 15:52:19.008"/>
</kw>
<status status="FAIL" starttime="20220410 15:52:16.451" endtime="20220410 15:52:19.011"/>
</kw>
<status status="FAIL" starttime="20220410 15:52:16.448" endtime="20220410 15:52:19.013">Element with locator '//*[@id="upload_file_1"]' not found.</status>
</test>
<status status="FAIL" starttime="20220410 15:49:31.339" endtime="20220410 15:52:19.020"/>
</suite>
<statistics>
<total>
<stat pass="3" fail="1" skip="0">All Tests</stat>
</total>
<tag>
</tag>
<suite>
<stat pass="3" fail="1" skip="0" id="s1" name="Yahoomail Automation">Yahoomail Automation</stat>
</suite>
</statistics>
<errors>
</errors>
</robot>
